0 info it worked if it ends with ok
1 verbose cli [ 'C:\\Program Files\\nodejs\\node.exe',
1 verbose cli   'C:\\Program Files\\nodejs\\node_modules\\npm\\bin\\npm-cli.js',
1 verbose cli   'install' ]
2 info using npm@3.10.10
3 info using node@v6.11.2
4 silly loadCurrentTree Starting
5 silly install loadCurrentTree
6 silly install readLocalPackageData
7 silly install normalizeTree
8 silly loadCurrentTree Finishing
9 silly loadIdealTree Starting
10 silly install loadIdealTree
11 silly cloneCurrentTree Starting
12 silly install cloneCurrentTreeToIdealTree
13 silly cloneCurrentTree Finishing
14 silly loadShrinkwrap Starting
15 silly install loadShrinkwrap
16 silly loadShrinkwrap Finishing
17 silly loadAllDepsIntoIdealTree Starting
18 silly install loadAllDepsIntoIdealTree
19 silly loadAllDepsIntoIdealTree Finishing
20 silly loadIdealTree Finishing
21 silly currentTree group_a1@1.0.0
21 silly currentTree +-- accepts@1.3.5
21 silly currentTree +-- ajv@6.10.0
21 silly currentTree +-- array-flatten@1.1.1
21 silly currentTree +-- asn1@0.2.4
21 silly currentTree +-- assert-plus@1.0.0
21 silly currentTree +-- asynckit@0.4.0
21 silly currentTree +-- aws-sign2@0.7.0
21 silly currentTree +-- aws4@1.8.0
21 silly currentTree +-- bcrypt-pbkdf@1.0.2
21 silly currentTree +-- body-parser@1.18.3
21 silly currentTree +-- buffer-equal-constant-time@1.0.1
21 silly currentTree +-- bytes@3.0.0
21 silly currentTree +-- caseless@0.12.0
21 silly currentTree +-- combined-stream@1.0.7
21 silly currentTree +-- content-disposition@0.5.2
21 silly currentTree +-- content-type@1.0.4
21 silly currentTree +-- cookie-signature@1.0.6
21 silly currentTree +-- cookie@0.3.1
21 silly currentTree +-- core-util-is@1.0.2
21 silly currentTree +-- dashdash@1.14.1
21 silly currentTree +-- debug@2.6.9
21 silly currentTree +-- delayed-stream@1.0.0
21 silly currentTree +-- denque@1.4.0
21 silly currentTree +-- depd@1.1.2
21 silly currentTree +-- destroy@1.0.4
21 silly currentTree +-- ecc-jsbn@0.1.2
21 silly currentTree +-- ecdsa-sig-formatter@1.0.11
21 silly currentTree +-- ee-first@1.1.1
21 silly currentTree +-- encodeurl@1.0.2
21 silly currentTree +-- escape-html@1.0.3
21 silly currentTree +-- etag@1.8.1
21 silly currentTree +-- express@4.16.4
21 silly currentTree +-- extend@3.0.2
21 silly currentTree +-- extsprintf@1.3.0
21 silly currentTree +-- fast-deep-equal@2.0.1
21 silly currentTree +-- fast-json-stable-stringify@2.0.0
21 silly currentTree +-- finalhandler@1.1.1
21 silly currentTree +-- forever-agent@0.6.1
21 silly currentTree +-- form-data@2.3.3
21 silly currentTree +-- forwarded@0.1.2
21 silly currentTree +-- fresh@0.5.2
21 silly currentTree +-- generate-function@2.3.1
21 silly currentTree +-- getpass@0.1.7
21 silly currentTree +-- google-auth-library@0.12.0
21 silly currentTree +-- google-p12-pem@0.1.2
21 silly currentTree +-- gtoken@1.2.3
21 silly currentTree +-- har-schema@2.0.0
21 silly currentTree +-- har-validator@5.1.3
21 silly currentTree +-- http-errors@1.6.3
21 silly currentTree +-- http-signature@1.2.0
21 silly currentTree +-- iconv-lite@0.4.23
21 silly currentTree +-- inherits@2.0.3
21 silly currentTree +-- ipaddr.js@1.8.0
21 silly currentTree +-- is-property@1.0.2
21 silly currentTree +-- is-typedarray@1.0.0
21 silly currentTree +-- isstream@0.1.2
21 silly currentTree +-- jsbn@0.1.1
21 silly currentTree +-- json-schema-traverse@0.4.1
21 silly currentTree +-- json-schema@0.2.3
21 silly currentTree +-- json-stringify-safe@5.0.1
21 silly currentTree +-- jsprim@1.4.1
21 silly currentTree +-- jwa@1.4.0
21 silly currentTree +-- jws@3.2.1
21 silly currentTree +-- lodash.isstring@4.0.1
21 silly currentTree +-- lodash.merge@4.6.1
21 silly currentTree +-- long@4.0.0
21 silly currentTree +-- lru-cache@4.1.5
21 silly currentTree +-- media-typer@0.3.0
21 silly currentTree +-- merge-descriptors@1.0.1
21 silly currentTree +-- methods@1.1.2
21 silly currentTree +-- mime-db@1.38.0
21 silly currentTree +-- mime-types@2.1.22
21 silly currentTree +-- mime@1.4.1
21 silly currentTree +-- ms@2.0.0
21 silly currentTree +-- mysql2@1.6.5
21 silly currentTree | `-- iconv-lite@0.4.24
21 silly currentTree +-- named-placeholders@1.1.2
21 silly currentTree +-- negotiator@0.6.1
21 silly currentTree +-- node-forge@0.7.6
21 silly currentTree +-- oauth-sign@0.9.0
21 silly currentTree +-- on-finished@2.3.0
21 silly currentTree +-- parseurl@1.3.2
21 silly currentTree +-- path-to-regexp@0.1.7
21 silly currentTree +-- performance-now@2.1.0
21 silly currentTree +-- proxy-addr@2.0.4
21 silly currentTree +-- pseudomap@1.0.2
21 silly currentTree +-- psl@1.1.31
21 silly currentTree +-- punycode@2.1.1
21 silly currentTree +-- qs@6.5.2
21 silly currentTree +-- range-parser@1.2.0
21 silly currentTree +-- raw-body@2.3.3
21 silly currentTree +-- request@2.88.0
21 silly currentTree +-- safe-buffer@5.1.2
21 silly currentTree +-- safer-buffer@2.1.2
21 silly currentTree +-- send@0.16.2
21 silly currentTree +-- seq-queue@0.0.5
21 silly currentTree +-- serve-static@1.13.2
21 silly currentTree +-- setprototypeof@1.1.0
21 silly currentTree +-- simple-google-openid@0.2.3
21 silly currentTree +-- sqlstring@2.3.1
21 silly currentTree +-- sshpk@1.16.1
21 silly currentTree +-- statuses@1.4.0
21 silly currentTree +-- tough-cookie@2.4.3
21 silly currentTree | `-- punycode@1.4.1
21 silly currentTree +-- tunnel-agent@0.6.0
21 silly currentTree +-- tweetnacl@0.14.5
21 silly currentTree +-- type-is@1.6.16
21 silly currentTree +-- unpipe@1.0.0
21 silly currentTree +-- uri-js@4.2.2
21 silly currentTree +-- utils-merge@1.0.1
21 silly currentTree +-- uuid@3.3.2
21 silly currentTree +-- vary@1.1.2
21 silly currentTree +-- verror@1.10.0
21 silly currentTree `-- yallist@2.1.2
22 silly idealTree group_a1@1.0.0
22 silly idealTree +-- accepts@1.3.5
22 silly idealTree +-- ajv@6.10.0
22 silly idealTree +-- array-flatten@1.1.1
22 silly idealTree +-- asn1@0.2.4
22 silly idealTree +-- assert-plus@1.0.0
22 silly idealTree +-- asynckit@0.4.0
22 silly idealTree +-- aws-sign2@0.7.0
22 silly idealTree +-- aws4@1.8.0
22 silly idealTree +-- bcrypt-pbkdf@1.0.2
22 silly idealTree +-- body-parser@1.18.3
22 silly idealTree +-- buffer-equal-constant-time@1.0.1
22 silly idealTree +-- bytes@3.0.0
22 silly idealTree +-- caseless@0.12.0
22 silly idealTree +-- combined-stream@1.0.7
22 silly idealTree +-- content-disposition@0.5.2
22 silly idealTree +-- content-type@1.0.4
22 silly idealTree +-- cookie-signature@1.0.6
22 silly idealTree +-- cookie@0.3.1
22 silly idealTree +-- core-util-is@1.0.2
22 silly idealTree +-- dashdash@1.14.1
22 silly idealTree +-- debug@2.6.9
22 silly idealTree +-- delayed-stream@1.0.0
22 silly idealTree +-- denque@1.4.0
22 silly idealTree +-- depd@1.1.2
22 silly idealTree +-- destroy@1.0.4
22 silly idealTree +-- ecc-jsbn@0.1.2
22 silly idealTree +-- ecdsa-sig-formatter@1.0.11
22 silly idealTree +-- ee-first@1.1.1
22 silly idealTree +-- encodeurl@1.0.2
22 silly idealTree +-- escape-html@1.0.3
22 silly idealTree +-- etag@1.8.1
22 silly idealTree +-- express@4.16.4
22 silly idealTree +-- extend@3.0.2
22 silly idealTree +-- extsprintf@1.3.0
22 silly idealTree +-- fast-deep-equal@2.0.1
22 silly idealTree +-- fast-json-stable-stringify@2.0.0
22 silly idealTree +-- finalhandler@1.1.1
22 silly idealTree +-- forever-agent@0.6.1
22 silly idealTree +-- form-data@2.3.3
22 silly idealTree +-- forwarded@0.1.2
22 silly idealTree +-- fresh@0.5.2
22 silly idealTree +-- generate-function@2.3.1
22 silly idealTree +-- getpass@0.1.7
22 silly idealTree +-- google-auth-library@0.12.0
22 silly idealTree +-- google-p12-pem@0.1.2
22 silly idealTree +-- gtoken@1.2.3
22 silly idealTree +-- har-schema@2.0.0
22 silly idealTree +-- har-validator@5.1.3
22 silly idealTree +-- http-errors@1.6.3
22 silly idealTree +-- http-signature@1.2.0
22 silly idealTree +-- iconv-lite@0.4.23
22 silly idealTree +-- inherits@2.0.3
22 silly idealTree +-- ipaddr.js@1.8.0
22 silly idealTree +-- is-property@1.0.2
22 silly idealTree +-- is-typedarray@1.0.0
22 silly idealTree +-- isstream@0.1.2
22 silly idealTree +-- jsbn@0.1.1
22 silly idealTree +-- json-schema-traverse@0.4.1
22 silly idealTree +-- json-schema@0.2.3
22 silly idealTree +-- json-stringify-safe@5.0.1
22 silly idealTree +-- jsprim@1.4.1
22 silly idealTree +-- jwa@1.4.0
22 silly idealTree +-- jws@3.2.1
22 silly idealTree +-- lodash.isstring@4.0.1
22 silly idealTree +-- lodash.merge@4.6.1
22 silly idealTree +-- long@4.0.0
22 silly idealTree +-- lru-cache@4.1.5
22 silly idealTree +-- media-typer@0.3.0
22 silly idealTree +-- merge-descriptors@1.0.1
22 silly idealTree +-- methods@1.1.2
22 silly idealTree +-- mime-db@1.38.0
22 silly idealTree +-- mime-types@2.1.22
22 silly idealTree +-- mime@1.4.1
22 silly idealTree +-- ms@2.0.0
22 silly idealTree +-- mysql2@1.6.5
22 silly idealTree | `-- iconv-lite@0.4.24
22 silly idealTree +-- named-placeholders@1.1.2
22 silly idealTree +-- negotiator@0.6.1
22 silly idealTree +-- node-forge@0.7.6
22 silly idealTree +-- oauth-sign@0.9.0
22 silly idealTree +-- on-finished@2.3.0
22 silly idealTree +-- parseurl@1.3.2
22 silly idealTree +-- path-to-regexp@0.1.7
22 silly idealTree +-- performance-now@2.1.0
22 silly idealTree +-- proxy-addr@2.0.4
22 silly idealTree +-- pseudomap@1.0.2
22 silly idealTree +-- psl@1.1.31
22 silly idealTree +-- punycode@2.1.1
22 silly idealTree +-- qs@6.5.2
22 silly idealTree +-- range-parser@1.2.0
22 silly idealTree +-- raw-body@2.3.3
22 silly idealTree +-- request@2.88.0
22 silly idealTree +-- safe-buffer@5.1.2
22 silly idealTree +-- safer-buffer@2.1.2
22 silly idealTree +-- send@0.16.2
22 silly idealTree +-- seq-queue@0.0.5
22 silly idealTree +-- serve-static@1.13.2
22 silly idealTree +-- setprototypeof@1.1.0
22 silly idealTree +-- simple-google-openid@0.2.3
22 silly idealTree +-- sqlstring@2.3.1
22 silly idealTree +-- sshpk@1.16.1
22 silly idealTree +-- statuses@1.4.0
22 silly idealTree +-- tough-cookie@2.4.3
22 silly idealTree | `-- punycode@1.4.1
22 silly idealTree +-- tunnel-agent@0.6.0
22 silly idealTree +-- tweetnacl@0.14.5
22 silly idealTree +-- type-is@1.6.16
22 silly idealTree +-- unpipe@1.0.0
22 silly idealTree +-- uri-js@4.2.2
22 silly idealTree +-- utils-merge@1.0.1
22 silly idealTree +-- uuid@3.3.2
22 silly idealTree +-- vary@1.1.2
22 silly idealTree +-- verror@1.10.0
22 silly idealTree `-- yallist@2.1.2
23 silly generateActionsToTake Starting
24 silly install generateActionsToTake
25 silly generateActionsToTake Finishing
26 silly diffTrees action count 0
27 silly decomposeActions action count 0
28 silly runTopLevelLifecycles Starting
29 silly install runPreinstallTopLevelLifecycles
30 silly preinstall group_a1@1.0.0 N:\GitHub\Group-A1\group_a1-aef61916
31 info lifecycle group_a1@1.0.0~preinstall: group_a1@1.0.0
32 silly lifecycle group_a1@1.0.0~preinstall: no script for preinstall, continuing
33 silly executeActions Starting
34 silly install executeActions
35 silly doSerial global-install 0
36 silly doParallel fetch 0
37 verbose correctMkdir C:\Users\up822718\AppData\Roaming\npm-cache\_locks correctMkdir not in flight; initializing
38 verbose lock using C:\Users\up822718\AppData\Roaming\npm-cache\_locks\staging-e7463d2e0e14ce1d.lock for N:\GitHub\Group-A1\node_modules\.staging
39 silly doParallel extract 0
40 silly doParallel preinstall 0
41 silly doReverseSerial remove 0
42 silly doSerial move 0
43 silly doSerial finalize 0
44 silly doSerial build 0
45 silly doSerial global-link 0
46 silly doParallel update-linked 0
47 silly doSerial install 0
48 silly doSerial postinstall 0
49 verbose unlock done using C:\Users\up822718\AppData\Roaming\npm-cache\_locks\staging-e7463d2e0e14ce1d.lock for N:\GitHub\Group-A1\node_modules\.staging
50 silly executeActions Finishing
51 silly rollbackFailedOptional Starting
52 silly rollbackFailedOptional Finishing
53 silly install runPostinstallTopLevelLifecycles
54 silly build group_a1@1.0.0
55 info linkStuff group_a1@1.0.0
56 silly linkStuff group_a1@1.0.0 has N:\GitHub as its parent node_modules
57 verbose linkBins group_a1@1.0.0
58 verbose linkMans group_a1@1.0.0
59 silly install group_a1@1.0.0 N:\GitHub\Group-A1\group_a1-aef61916
60 info lifecycle group_a1@1.0.0~install: group_a1@1.0.0
61 silly lifecycle group_a1@1.0.0~install: no script for install, continuing
62 silly postinstall group_a1@1.0.0 N:\GitHub\Group-A1\group_a1-aef61916
63 info lifecycle group_a1@1.0.0~postinstall: group_a1@1.0.0
64 verbose lifecycle group_a1@1.0.0~postinstall: unsafe-perm in lifecycle true
65 verbose lifecycle group_a1@1.0.0~postinstall: PATH: C:\Program Files\nodejs\node_modules\npm\bin\node-gyp-bin;N:\GitHub\Group-A1\node_modules\.bin;C:\ProgramData\Oracle\Java\javapath;C:\WINDOWS\system32;C:\WINDOWS;C:\WINDOWS\System32\Wbem;C:\WINDOWS\System32\WindowsPowerShell\v1.0\;C:\Users\up822718\AppData\Local\Microsoft\WindowsApps;C:\Users\up822718\AppData\Local\GitHubDesktop\bin;C:\Program Files\nodejs\;C:\Users\up822718\AppData\Roaming\npm
66 verbose lifecycle group_a1@1.0.0~postinstall: CWD: N:\GitHub\Group-A1
67 silly lifecycle group_a1@1.0.0~postinstall: Args: [ '/d /s /c', 'node ./post_install.js' ]
68 silly lifecycle group_a1@1.0.0~postinstall: Returned: code: 1  signal: null
69 info lifecycle group_a1@1.0.0~postinstall: Failed to exec postinstall script
70 warn group_a1@1.0.0 No description
71 verbose If you need help, you may report this error at:
71 verbose     <https://github.com/npm/npm/issues>
72 verbose stack Error: group_a1@1.0.0 postinstall: `node ./post_install.js`
72 verbose stack Exit status 1
72 verbose stack     at EventEmitter.<anonymous> (C:\Program Files\nodejs\node_modules\npm\lib\utils\lifecycle.js:255:16)
72 verbose stack     at emitTwo (events.js:106:13)
72 verbose stack     at EventEmitter.emit (events.js:191:7)
72 verbose stack     at ChildProcess.<anonymous> (C:\Program Files\nodejs\node_modules\npm\lib\utils\spawn.js:40:14)
72 verbose stack     at emitTwo (events.js:106:13)
72 verbose stack     at ChildProcess.emit (events.js:191:7)
72 verbose stack     at maybeClose (internal/child_process.js:891:16)
72 verbose stack     at Process.ChildProcess._handle.onexit (internal/child_process.js:226:5)
73 verbose pkgid group_a1@1.0.0
74 verbose cwd N:\GitHub\Group-A1
75 error Windows_NT 10.0.16299
76 error argv "C:\\Program Files\\nodejs\\node.exe" "C:\\Program Files\\nodejs\\node_modules\\npm\\bin\\npm-cli.js" "install"
77 error node v6.11.2
78 error npm  v3.10.10
79 error code ELIFECYCLE
80 error group_a1@1.0.0 postinstall: `node ./post_install.js`
80 error Exit status 1
81 error Failed at the group_a1@1.0.0 postinstall script 'node ./post_install.js'.
81 error Make sure you have the latest version of node.js and npm installed.
81 error If you do, this is most likely a problem with the group_a1 package,
81 error not with npm itself.
81 error Tell the author that this fails on your system:
81 error     node ./post_install.js
81 error You can get information on how to open an issue for this project with:
81 error     npm bugs group_a1
81 error Or if that isn't available, you can get their info via:
81 error     npm owner ls group_a1
81 error There is likely additional logging output above.
82 verbose exit [ 1, true ]
